<?xml version="1.0" encoding="UTF-8"?>
<!-- Generated by org.testng.reporters.JUnitReportReporter -->
<testsuite hostname="pavilion360" failures="0" tests="1" name="gitSample.Demo" time="0.015" errors="0" timestamp="2023-08-04T12:06:09 IST" skipped="0">
  <testcase classname="gitSample.Demo" name="sample" time="0.015"/>
  <system-out/>
</testsuite> <!-- gitSample.Demo -->
